Currently Loaded Modulefiles:
  1) anaconda/default
/PHShome/jjd65/prod_of_experts/spline_learner_poe4d_MM.py:213: RuntimeWarning: overflow encountered in exp
  prob_keep = np.exp(np.sum(num,0) - np.sum(dem,0))
/PHShome/jjd65/prod_of_experts/spline_learner_poe4d_MM.py:242: RuntimeWarning: overflow encountered in exp
  prob_keep = np.exp(np.sum(num, 0) - np.sum(dem, 0))
/PHShome/jjd65/prod_of_experts/helper.py:257: RuntimeWarning: More than 20 figures have been opened. Figures created through the pyplot interface (`matplotlib.pyplot.figure`) are retained until explicitly closed and may consume too much memory. (To control this warning, see the rcParam `figure.max_open_warning`).
  num_bugs, figsize=(15, 15))
/PHShome/jjd65/prod_of_experts/helper.py:274: RuntimeWarning: More than 20 figures have been opened. Figures created through the pyplot interface (`matplotlib.pyplot.figure`) are retained until explicitly closed and may consume too much memory. (To control this warning, see the rcParam `figure.max_open_warning`).
  num_bugs, figsize=(15, 15))
/PHShome/jjd65/prod_of_experts/helper.py:158: RuntimeWarning: More than 20 figures have been opened. Figures created through the pyplot interface (`matplotlib.pyplot.figure`) are retained until explicitly closed and may consume too much memory. (To control this warning, see the rcParam `figure.max_open_warning`).
  num_bugs, 1, sharex=True, figsize=(15, 15))
/PHShome/jjd65/prod_of_experts/helper.py:206: RuntimeWarning: More than 20 figures have been opened. Figures created through the pyplot interface (`matplotlib.pyplot.figure`) are retained until explicitly closed and may consume too much memory. (To control this warning, see the rcParam `figure.max_open_warning`).
  num_bugs, figsize=(15, 15))
/PHShome/jjd65/prod_of_experts/helper.py:221: RuntimeWarning: More than 20 figures have been opened. Figures created through the pyplot interface (`matplotlib.pyplot.figure`) are retained until explicitly closed and may consume too much memory. (To control this warning, see the rcParam `figure.max_open_warning`).
  num_bugs, figsize=(15, 15))
Traceback (most recent call last):
  File "./main.py", line 44, in <module>
    main()
  File "./main.py", line 41, in main
    spl.run(gibbs_steps=500)
  File "/PHShome/jjd65/prod_of_experts/spline_learner_poe4d_MM.py", line 384, in run
    xnew,proposed_xnew = self.update_x(x, y, x0, betas, theta2,i)
  File "/PHShome/jjd65/prod_of_experts/spline_learner_poe4d_MM.py", line 241, in update_x
    dem1,dem= self.px(x, y, x0, betas, theta_2, ob)
  File "/PHShome/jjd65/prod_of_experts/spline_learner_poe4d_MM.py", line 152, in px
    bmat = self.calc_bmat(x[:-1,:])
  File "/PHShome/jjd65/prod_of_experts/spline_learner_poe4d_MM.py", line 108, in calc_bmat
    bmat_mini = np.array([[self.bsplines(X[t,i]*X[t,j], np.array(X),i,j)[:,k-1] for i in range(X.shape[1])] for j in range(X.shape[1])])
  File "/PHShome/jjd65/prod_of_experts/spline_learner_poe4d_MM.py", line 108, in <listcomp>
    bmat_mini = np.array([[self.bsplines(X[t,i]*X[t,j], np.array(X),i,j)[:,k-1] for i in range(X.shape[1])] for j in range(X.shape[1])])
  File "/PHShome/jjd65/prod_of_experts/spline_learner_poe4d_MM.py", line 108, in <listcomp>
    bmat_mini = np.array([[self.bsplines(X[t,i]*X[t,j], np.array(X),i,j)[:,k-1] for i in range(X.shape[1])] for j in range(X.shape[1])])
  File "/PHShome/jjd65/prod_of_experts/spline_learner_poe4d_MM.py", line 102, in bsplines
    (self.knots[bug1, bug2][i+ki+1] - xi)*bmat[i+1, ki-1])/(self.knots[bug1, bug2][i+ki+1]-self.knots[bug1, bug2][i+1])
KeyboardInterrupt
Terminated
